<?xml version="1.0" encoding="UTF-8"?>
<testng-results ignored="1" total="2" passed="0" failed="0" skipped="1">
  <reporter-output>
  </reporter-output>
  <suite started-at="2022-09-14T19:51:53 IST" name="Default suite" finished-at="2022-09-14T19:51:53 IST" duration-ms="184">
    <groups>
    </groups>
    <test started-at="2022-09-14T19:51:53 IST" name="Default test" finished-at="2022-09-14T19:51:53 IST" duration-ms="184">
      <class name="com.bridgelabz.qa.DB_Testing.DB_Test">
        <test-method is-config="true" signature="setUp()[pri:0, instance:com.bridgelabz.qa.DB_Testing.DB_Test@272ed83b]" started-at="2022-09-14T19:51:53 IST" name="setUp" finished-at="2022-09-14T19:51:53 IST" duration-ms="60" status="FAIL">
          <exception class="java.sql.SQLException">
            <message>
              <![CDATA[No suitable driver found for jdbc:mysql://localhost:3306/cqa_105_data]]>
            </message>
            <full-stacktrace>
              <![CDATA[java.sql.SQLException: No suitable driver found for jdbc:mysql://localhost:3306/cqa_105_data
at java.sql/java.sql.DriverManager.getConnection(DriverManager.java:706)
at java.sql/java.sql.DriverManager.getConnection(DriverManager.java:229)
at com.bridgelabz.qa.DB_Testing.Base.setUp(Base.java:20)
at java.base/jdk.internal.reflect.NativeMethodAccessorImpl.invoke0(Native Method)
at java.base/jdk.internal.reflect.NativeMethodAccessorImpl.invoke(NativeMethodAccessorImpl.java:77)
at java.base/jdk.internal.reflect.DelegatingMethodAccessorImpl.invoke(DelegatingMethodAccessorImpl.java:43)
at java.base/java.lang.reflect.Method.invoke(Method.java:568)
at org.testng.internal.MethodInvocationHelper.invokeMethod(MethodInvocationHelper.java:133)
at org.testng.internal.MethodInvocationHelper.invokeMethodConsideringTimeout(MethodInvocationHelper.java:62)
at org.testng.internal.ConfigInvoker.invokeConfigurationMethod(ConfigInvoker.java:385)
at org.testng.internal.ConfigInvoker.invokeConfigurations(ConfigInvoker.java:321)
at org.testng.TestRunner.invokeTestConfigurations(TestRunner.java:637)
at org.testng.TestRunner.beforeRun(TestRunner.java:627)
at org.testng.TestRunner.run(TestRunner.java:589)
at org.testng.SuiteRunner.runTest(SuiteRunner.java:377)
at org.testng.SuiteRunner.runSequentially(SuiteRunner.java:371)
at org.testng.SuiteRunner.privateRun(SuiteRunner.java:332)
at org.testng.SuiteRunner.run(SuiteRunner.java:276)
at org.testng.SuiteRunnerWorker.runSuite(SuiteRunnerWorker.java:53)
at org.testng.SuiteRunnerWorker.run(SuiteRunnerWorker.java:96)
at org.testng.TestNG.runSuitesSequentially(TestNG.java:1212)
at org.testng.TestNG.runSuitesLocally(TestNG.java:1134)
at org.testng.TestNG.runSuites(TestNG.java:1063)
at org.testng.TestNG.run(TestNG.java:1031)
at org.testng.remote.AbstractRemoteTestNG.run(AbstractRemoteTestNG.java:115)
at org.testng.remote.RemoteTestNG.initAndRun(RemoteTestNG.java:251)
at org.testng.remote.RemoteTestNG.main(RemoteTestNG.java:77)
]]>
            </full-stacktrace>
          </exception> <!-- java.sql.SQLException -->
          <reporter-output>
          </reporter-output>
        </test-method> <!-- setUp -->
        <test-method signature="getTableData()[pri:0, instance:com.bridgelabz.qa.DB_Testing.DB_Test@272ed83b]" started-at="2022-09-14T19:51:53 IST" name="getTableData" finished-at="2022-09-14T19:51:53 IST" duration-ms="0" status="SKIP">
          <exception class="java.sql.SQLException">
            <message>
              <![CDATA[No suitable driver found for jdbc:mysql://localhost:3306/cqa_105_data]]>
            </message>
            <full-stacktrace>
              <![CDATA[java.sql.SQLException: No suitable driver found for jdbc:mysql://localhost:3306/cqa_105_data
at java.sql/java.sql.DriverManager.getConnection(DriverManager.java:706)
at java.sql/java.sql.DriverManager.getConnection(DriverManager.java:229)
at com.bridgelabz.qa.DB_Testing.Base.setUp(Base.java:20)
at java.base/jdk.internal.reflect.NativeMethodAccessorImpl.invoke0(Native Method)
at java.base/jdk.internal.reflect.NativeMethodAccessorImpl.invoke(NativeMethodAccessorImpl.java:77)
at java.base/jdk.internal.reflect.DelegatingMethodAccessorImpl.invoke(DelegatingMethodAccessorImpl.java:43)
at java.base/java.lang.reflect.Method.invoke(Method.java:568)
at org.testng.internal.MethodInvocationHelper.invokeMethod(MethodInvocationHelper.java:133)
at org.testng.internal.MethodInvocationHelper.invokeMethodConsideringTimeout(MethodInvocationHelper.java:62)
at org.testng.internal.ConfigInvoker.invokeConfigurationMethod(ConfigInvoker.java:385)
at org.testng.internal.ConfigInvoker.invokeConfigurations(ConfigInvoker.java:321)
at org.testng.TestRunner.invokeTestConfigurations(TestRunner.java:637)
at org.testng.TestRunner.beforeRun(TestRunner.java:627)
at org.testng.TestRunner.run(TestRunner.java:589)
at org.testng.SuiteRunner.runTest(SuiteRunner.java:377)
at org.testng.SuiteRunner.runSequentially(SuiteRunner.java:371)
at org.testng.SuiteRunner.privateRun(SuiteRunner.java:332)
at org.testng.SuiteRunner.run(SuiteRunner.java:276)
at org.testng.SuiteRunnerWorker.runSuite(SuiteRunnerWorker.java:53)
at org.testng.SuiteRunnerWorker.run(SuiteRunnerWorker.java:96)
at org.testng.TestNG.runSuitesSequentially(TestNG.java:1212)
at org.testng.TestNG.runSuitesLocally(TestNG.java:1134)
at org.testng.TestNG.runSuites(TestNG.java:1063)
at org.testng.TestNG.run(TestNG.java:1031)
at org.testng.remote.AbstractRemoteTestNG.run(AbstractRemoteTestNG.java:115)
at org.testng.remote.RemoteTestNG.initAndRun(RemoteTestNG.java:251)
at org.testng.remote.RemoteTestNG.main(RemoteTestNG.java:77)
]]>
            </full-stacktrace>
          </exception> <!-- java.sql.SQLException -->
          <reporter-output>
          </reporter-output>
        </test-method> <!-- getTableData -->
        <test-method is-config="true" signature="tearDown()[pri:0, instance:com.bridgelabz.qa.DB_Testing.DB_Test@272ed83b]" started-at="2022-09-14T19:51:53 IST" name="tearDown" finished-at="1970-01-01T05:30:00 IST" duration-ms="-1663165313519" status="SKIP">
          <reporter-output>
          </reporter-output>
        </test-method> <!-- tearDown -->
      </class> <!-- com.bridgelabz.qa.DB_Testing.DB_Test -->
    </test> <!-- Default test -->
  </suite> <!-- Default suite -->
</testng-results>
